example/build/app/intermediates/manifest_merge_blame_file/debug/manifest-merger-blame-debug-report.txt
1<?xml version="1.0" encoding="utf-8"?>
2<manifest xmlns:android="http://schemas.android.com/apk/res/android"
3    package="io.flutter.plugins.webviewflutterexample"
4    android:versionCode="1"
5    android:versionName="1.0" >
6
7    <uses-sdk
8        android:minSdkVersion="21"
9        android:targetSdkVersion="28" />
10    <!--
11         Flutter needs it to communicate with the running application
12         to allow setting breakpoints, to provide hot reload, etc.
13    -->
14    <uses-permission android:name="android.permission.INTERNET" />
14-->src\main\AndroidManifest.xml:36:3-64
14-->src\main\AndroidManifest.xml:36:20-62
15    <!--
16     When tests are ran on Firebase Test Lab, a wake lock
17       permission failure prevents tests from running.
18    -->
19    <uses-permission android:name="android.permission.WAKE_LOCK" />
19-->src\main\AndroidManifest.xml:41:3-66
19-->src\main\AndroidManifest.xml:41:20-63
20    <uses-permission android:name="android.permission.REORDER_TASKS" />
20-->[androidx.test:core:1.2.0] AndroidManifest.xml:24:5-72
20-->[androidx.test:core:1.2.0] AndroidManifest.xml:24:22-69
21
22    <application
22-->src\main\AndroidManifest.xml:4:3-30:17
23        android:appComponentFactory="androidx.core.app.CoreComponentFactory"
23-->[androidx.core:core:1.6.0] AndroidManifest.xml:24:18-86
24        android:debuggable="true"
25        android:icon="@mipmap/ic_launcher"
25-->src\main\AndroidManifest.xml:6:5-39
26        android:label="webview_flutter_example"
26-->src\main\AndroidManifest.xml:7:5-44
27        android:usesCleartextTraffic="true" >
27-->src\main\AndroidManifest.xml:5:5-40
28        <activity
28-->src\debug\AndroidManifest.xml:8:9-15:20
29            android:name="io.flutter.plugins.webviewflutterexample.WebViewTestActivity"
29-->src\debug\AndroidManifest.xml:9:13-48
30            android:configChanges="orientation|keyboardHidden|keyboard|screenSize|smallestScreenSize|locale|layoutDirection|fontScale|screenLayout|density|uiMode"
30-->src\debug\AndroidManifest.xml:12:13-163
31            android:hardwareAccelerated="true"
31-->src\debug\AndroidManifest.xml:13:13-47
32            android:launchMode="singleTop"
32-->src\debug\AndroidManifest.xml:10:13-43
33            android:theme="@style/LaunchTheme"
33-->src\debug\AndroidManifest.xml:11:13-47
34            android:windowSoftInputMode="adjustResize" >
34-->src\debug\AndroidManifest.xml:14:13-55
35        </activity>
36
37        <meta-data
37-->src\main\AndroidManifest.xml:8:5-10:29
38            android:name="flutterEmbedding"
38-->src\main\AndroidManifest.xml:9:9-40
39            android:value="2" />
39-->src\main\AndroidManifest.xml:10:9-26
40
41        <activity
41-->src\main\AndroidManifest.xml:11:5-29:16
42            android:name="io.flutter.embedding.android.FlutterActivity"
42-->src\main\AndroidManifest.xml:15:7-66
43            android:configChanges="orientation|keyboardHidden|keyboard|screenSize|locale|layoutDirection|fontScale|screenLayout|density|uiMode"
43-->src\main\AndroidManifest.xml:12:7-138
44            android:hardwareAccelerated="true"
44-->src\main\AndroidManifest.xml:13:7-41
45            android:launchMode="singleTop"
45-->src\main\AndroidManifest.xml:14:7-37
46            android:theme="@style/LaunchTheme"
46-->src\main\AndroidManifest.xml:16:7-41
47            android:windowSoftInputMode="adjustResize" >
47-->src\main\AndroidManifest.xml:17:7-49
48
49            <!--
50           This keeps the window background of the activity showing
51           until Flutter renders its first frame. It can be removed if
52           there is no splash screen (such as the default splash screen
53           defined in @style/LaunchTheme).
54            -->
55            <meta-data
55-->src\main\AndroidManifest.xml:22:7-24:31
56                android:name="io.flutter.app.android.SplashScreenUntilFirstFrame"
56-->src\main\AndroidManifest.xml:23:9-74
57                android:value="true" />
57-->src\main\AndroidManifest.xml:24:9-29
58
59            <intent-filter>
59-->src\main\AndroidManifest.xml:25:7-28:23
60                <action android:name="android.intent.action.MAIN" />
60-->src\main\AndroidManifest.xml:26:9-60
60-->src\main\AndroidManifest.xml:26:17-58
61
62                <category android:name="android.intent.category.LAUNCHER" />
62-->src\main\AndroidManifest.xml:27:9-68
62-->src\main\AndroidManifest.xml:27:19-66
63            </intent-filter>
64        </activity>
65        <activity
65-->[:webview_flutter_android] AndroidManifest.xml:8:9-10:75
66            android:name="io.flutter.plugins.webviewflutter.newActivity"
66-->[:webview_flutter_android] AndroidManifest.xml:9:13-73
67            android:theme="@android:style/Theme.Translucent.NoTitleBar" />
67-->[:webview_flutter_android] AndroidManifest.xml:10:13-72
68        <activity
68-->[androidx.test:core:1.2.0] AndroidManifest.xml:27:9-33:20
69            android:name="androidx.test.core.app.InstrumentationActivityInvoker$BootstrapActivity"
69-->[androidx.test:core:1.2.0] AndroidManifest.xml:28:13-99
70            android:theme="@android:style/Theme" >
70-->[androidx.test:core:1.2.0] AndroidManifest.xml:29:13-49
71            <intent-filter>
71-->[androidx.test:core:1.2.0] AndroidManifest.xml:30:13-32:29
72                <action android:name="android.intent.action.MAIN" />
72-->src\main\AndroidManifest.xml:26:9-60
72-->src\main\AndroidManifest.xml:26:17-58
73            </intent-filter>
74        </activity>
75        <activity
75-->[androidx.test:core:1.2.0] AndroidManifest.xml:34:9-40:20
76            android:name="androidx.test.core.app.InstrumentationActivityInvoker$EmptyActivity"
76-->[androidx.test:core:1.2.0] AndroidManifest.xml:35:13-95
77            android:theme="@android:style/Theme" >
77-->[androidx.test:core:1.2.0] AndroidManifest.xml:36:13-49
78            <intent-filter>
78-->[androidx.test:core:1.2.0] AndroidManifest.xml:30:13-32:29
79                <action android:name="android.intent.action.MAIN" />
79-->src\main\AndroidManifest.xml:26:9-60
79-->src\main\AndroidManifest.xml:26:17-58
80            </intent-filter>
81        </activity>
82        <activity
82-->[androidx.test:core:1.2.0] AndroidManifest.xml:41:9-47:20
83            android:name="androidx.test.core.app.InstrumentationActivityInvoker$EmptyFloatingActivity"
83-->[androidx.test:core:1.2.0] AndroidManifest.xml:42:13-103
84            android:theme="@android:style/Theme.Dialog" >
84-->[androidx.test:core:1.2.0] AndroidManifest.xml:43:13-56
85            <intent-filter>
85-->[androidx.test:core:1.2.0] AndroidManifest.xml:30:13-32:29
86                <action android:name="android.intent.action.MAIN" />
86-->src\main\AndroidManifest.xml:26:9-60
86-->src\main\AndroidManifest.xml:26:17-58
87            </intent-filter>
88        </activity>
89
90        <uses-library
90-->[androidx.window:window:1.0.0-beta04] AndroidManifest.xml:25:9-27:40
91            android:name="androidx.window.extensions"
91-->[androidx.window:window:1.0.0-beta04] AndroidManifest.xml:26:13-54
92            android:required="false" />
92-->[androidx.window:window:1.0.0-beta04] AndroidManifest.xml:27:13-37
93        <uses-library
93-->[androidx.window:window:1.0.0-beta04] AndroidManifest.xml:28:9-30:40
94            android:name="androidx.window.sidecar"
94-->[androidx.window:window:1.0.0-beta04] AndroidManifest.xml:29:13-51
95            android:required="false" />
95-->[androidx.window:window:1.0.0-beta04] AndroidManifest.xml:30:13-37
96    </application>
97
98</manifest>